2014-11-19 03:26:20.531+0000 INFO  [o.n.s.CommunityNeoServer]: Setting startup timeout to: 120000ms based on -1
2014-11-19 03:26:20.675+0000 INFO  [o.n.k.InternalAbstractGraphDatabase]: No locking implementation specified, defaulting to 'community'
2014-11-19 03:26:20.775+0000 INFO  [o.n.k.i.DiagnosticsManager]: --- INITIALIZED diagnostics START ---
2014-11-19 03:26:20.777+0000 INFO  [o.n.k.i.DiagnosticsManager]: Neo4j Kernel properties:
2014-11-19 03:26:20.778+0000 INFO  [o.n.k.i.DiagnosticsManager]: neostore.propertystore.db.mapped_memory=1282M
2014-11-19 03:26:20.779+0000 INFO  [o.n.k.i.DiagnosticsManager]: neostore.nodestore.db.mapped_memory=356M
2014-11-19 03:26:20.779+0000 INFO  [o.n.k.i.DiagnosticsManager]: neostore.relationshipstore.db.mapped_memory=1571M
2014-11-19 03:26:20.779+0000 INFO  [o.n.k.i.DiagnosticsManager]: neostore.propertystore.db.strings.mapped_memory=1089M
2014-11-19 03:26:20.779+0000 INFO  [o.n.k.i.DiagnosticsManager]: store_dir=/Users/davidnelson/projects/web/character_drive/db/neo4j/development/data/graph.db
2014-11-19 03:26:20.779+0000 INFO  [o.n.k.i.DiagnosticsManager]: neostore.propertystore.db.arrays.mapped_memory=1235M
2014-11-19 03:26:20.779+0000 INFO  [o.n.k.i.DiagnosticsManager]: remote_shell_enabled=true
2014-11-19 03:26:20.780+0000 INFO  [o.n.k.i.DiagnosticsManager]: Diagnostics providers:
2014-11-19 03:26:20.780+0000 INFO  [o.n.k.i.DiagnosticsManager]: org.neo4j.kernel.configuration.Config
2014-11-19 03:26:20.780+0000 INFO  [o.n.k.i.DiagnosticsManager]: org.neo4j.kernel.info.DiagnosticsManager
2014-11-19 03:26:20.781+0000 INFO  [o.n.k.i.DiagnosticsManager]: SYSTEM_MEMORY
2014-11-19 03:26:20.781+0000 INFO  [o.n.k.i.DiagnosticsManager]: JAVA_MEMORY
2014-11-19 03:26:20.781+0000 INFO  [o.n.k.i.DiagnosticsManager]: OPERATING_SYSTEM
2014-11-19 03:26:20.781+0000 INFO  [o.n.k.i.DiagnosticsManager]: JAVA_VIRTUAL_MACHINE
2014-11-19 03:26:20.781+0000 INFO  [o.n.k.i.DiagnosticsManager]: CLASSPATH
2014-11-19 03:26:20.781+0000 INFO  [o.n.k.i.DiagnosticsManager]: LIBRARY_PATH
2014-11-19 03:26:20.781+0000 INFO  [o.n.k.i.DiagnosticsManager]: SYSTEM_PROPERTIES
2014-11-19 03:26:20.781+0000 INFO  [o.n.k.i.DiagnosticsManager]: NETWORK
2014-11-19 03:26:20.781+0000 INFO  [o.n.k.i.DiagnosticsManager]: System memory information:
2014-11-19 03:26:20.783+0000 INFO  [o.n.k.i.DiagnosticsManager]: Total Physical memory: 16.00 GB
2014-11-19 03:26:20.784+0000 INFO  [o.n.k.i.DiagnosticsManager]: Free Physical memory: 7.16 GB
2014-11-19 03:26:20.784+0000 INFO  [o.n.k.i.DiagnosticsManager]: Committed virtual memory: 6.66 GB
2014-11-19 03:26:20.785+0000 INFO  [o.n.k.i.DiagnosticsManager]: Total swap space: 0.00 B
2014-11-19 03:26:20.785+0000 INFO  [o.n.k.i.DiagnosticsManager]: Free swap space: 0.00 B
2014-11-19 03:26:20.786+0000 INFO  [o.n.k.i.DiagnosticsManager]: JVM memory information:
2014-11-19 03:26:20.786+0000 INFO  [o.n.k.i.DiagnosticsManager]: Free  memory: 199.56 MB
2014-11-19 03:26:20.786+0000 INFO  [o.n.k.i.DiagnosticsManager]: Total memory: 247.50 MB
2014-11-19 03:26:20.786+0000 INFO  [o.n.k.i.DiagnosticsManager]: Max   memory: 3.97 GB
2014-11-19 03:26:20.788+0000 INFO  [o.n.k.i.DiagnosticsManager]: Garbage Collector: ParNew: [Par Eden Space, Par Survivor Space]
2014-11-19 03:26:20.788+0000 INFO  [o.n.k.i.DiagnosticsManager]: Garbage Collector: ConcurrentMarkSweep: [Par Eden Space, Par Survivor Space, CMS Old Gen, CMS Perm Gen]
2014-11-19 03:26:20.789+0000 INFO  [o.n.k.i.DiagnosticsManager]: Memory Pool: Code Cache (Non-heap memory): committed=2.44 MB, used=704.44 kB, max=48.00 MB, threshold=0.00 B
2014-11-19 03:26:20.789+0000 INFO  [o.n.k.i.DiagnosticsManager]: Memory Pool: Par Eden Space (Heap memory): committed=68.31 MB, used=47.94 MB, max=266.25 MB, threshold=?
2014-11-19 03:26:20.790+0000 INFO  [o.n.k.i.DiagnosticsManager]: Memory Pool: Par Survivor Space (Heap memory): committed=8.50 MB, used=0.00 B, max=33.25 MB, threshold=?
2014-11-19 03:26:20.790+0000 INFO  [o.n.k.i.DiagnosticsManager]: Memory Pool: CMS Old Gen (Heap memory): committed=170.69 MB, used=0.00 B, max=3.68 GB, threshold=0.00 B
2014-11-19 03:26:20.791+0000 INFO  [o.n.k.i.DiagnosticsManager]: Memory Pool: CMS Perm Gen (Non-heap memory): committed=20.75 MB, used=12.76 MB, max=82.00 MB, threshold=0.00 B
2014-11-19 03:26:20.791+0000 INFO  [o.n.k.i.DiagnosticsManager]: Operating system information:
2014-11-19 03:26:20.792+0000 INFO  [o.n.k.i.DiagnosticsManager]: Operating System: Mac OS X; version: 10.10.1; arch: x86_64; cpus: 4
2014-11-19 03:26:20.792+0000 INFO  [o.n.k.i.DiagnosticsManager]: Max number of file descriptors: 10240
2014-11-19 03:26:20.793+0000 INFO  [o.n.k.i.DiagnosticsManager]: Number of open file descriptors: 76
2014-11-19 03:26:20.793+0000 INFO  [o.n.k.i.DiagnosticsManager]: Process id: 1941@Daves-MBP
2014-11-19 03:26:20.793+0000 INFO  [o.n.k.i.DiagnosticsManager]: Byte order: LITTLE_ENDIAN
2014-11-19 03:26:20.793+0000 INFO  [o.n.k.i.DiagnosticsManager]: Local timezone: America/Denver
2014-11-19 03:26:20.793+0000 INFO  [o.n.k.i.DiagnosticsManager]: JVM information:
2014-11-19 03:26:20.793+0000 INFO  [o.n.k.i.DiagnosticsManager]: VM Name: Java HotSpot(TM) 64-Bit Server VM
2014-11-19 03:26:20.793+0000 INFO  [o.n.k.i.DiagnosticsManager]: VM Vendor: Oracle Corporation
2014-11-19 03:26:20.793+0000 INFO  [o.n.k.i.DiagnosticsManager]: VM Version: 24.65-b04
2014-11-19 03:26:20.794+0000 INFO  [o.n.k.i.DiagnosticsManager]: JIT compiler: HotSpot 64-Bit Tiered Compilers
2014-11-19 03:26:20.795+0000 INFO  [o.n.k.i.DiagnosticsManager]: VM Arguments: [-XX:+DisableExplicitGC, -Dorg.neo4j.server.properties=conf/neo4j-server.properties, -Djava.util.logging.config.file=conf/logging.properties, -Dlog4j.configuration=file:conf/log4j.properties, -XX:+UseConcMarkSweepGC, -XX:+CMSClassUnloadingEnabled, -Dneo4j.home=/Users/davidnelson/projects/web/character_drive/db/neo4j/development, -Dneo4j.instance=/Users/davidnelson/projects/web/character_drive/db/neo4j/development, -Dfile.encoding=UTF-8]
2014-11-19 03:26:20.795+0000 INFO  [o.n.k.i.DiagnosticsManager]: Java classpath:
2014-11-19 03:26:20.796+0000 INFO  [o.n.k.i.DiagnosticsManager]:  [classpath + loader.0] file:/Users/davidnelson/projects/web/character_drive/db/neo4j/development/system/lib/jersey-multipart-1.9.jar
2014-11-19 03:26:20.796+0000 INFO  [o.n.k.i.DiagnosticsManager]:  [classpath + loader.0] file:/Users/davidnelson/projects/web/character_drive/db/neo4j/development/system/lib/jackson-mapper-asl-1.9.7.jar
2014-11-19 03:26:20.796+0000 INFO  [o.n.k.i.DiagnosticsManager]:  [classpath + loader.0] file:/Users/davidnelson/projects/web/character_drive/db/neo4j/development/system/lib/commons-compiler-2.6.1.jar
2014-11-19 03:26:20.796+0000 INFO  [o.n.k.i.DiagnosticsManager]:  [bootstrap] /Library/Java/JavaVirtualMachines/jdk1.7.0_65.jdk/Contents/Home/jre/lib/rt.jar
2014-11-19 03:26:20.797+0000 INFO  [o.n.k.i.DiagnosticsManager]:  [classpath + loader.0] file:/Users/davidnelson/projects/web/character_drive/db/neo4j/development/system/lib/jetty-util-9.0.5.v20130815.jar
2014-11-19 03:26:20.797+0000 INFO  [o.n.k.i.DiagnosticsManager]:  [loader.1] file:/Library/Java/JavaVirtualMachines/jdk1.7.0_65.jdk/Contents/Home/jre/lib/ext/sunec.jar
2014-11-19 03:26:20.797+0000 INFO  [o.n.k.i.DiagnosticsManager]:  [loader.1] file:/System/Library/Java/Extensions/MRJToolkit.jar
2014-11-19 03:26:20.797+0000 INFO  [o.n.k.i.DiagnosticsManager]:  [classpath + loader.0] file:/Users/davidnelson/projects/web/character_drive/db/neo4j/development/system/lib/jackson-core-asl-1.9.7.jar
2014-11-19 03:26:20.797+0000 INFO  [o.n.k.i.DiagnosticsManager]:  [classpath + loader.0] file:/Users/davidnelson/projects/web/character_drive/db/neo4j/development/lib/opencsv-2.0.jar
2014-11-19 03:26:20.797+0000 INFO  [o.n.k.i.DiagnosticsManager]:  [classpath + loader.0] file:/Users/davidnelson/projects/web/character_drive/db/neo4j/development/lib/neo4j-cypher-2.1.5.jar
2014-11-19 03:26:20.797+0000 INFO  [o.n.k.i.DiagnosticsManager]:  [bootstrap] /Library/Java/JavaVirtualMachines/jdk1.7.0_65.jdk/Contents/Home/jre/lib/jce.jar
2014-11-19 03:26:20.797+0000 INFO  [o.n.k.i.DiagnosticsManager]:  [classpath + loader.0] file:/Users/davidnelson/projects/web/character_drive/db/neo4j/development/system/lib/commons-beanutils-1.8.0.jar
2014-11-19 03:26:20.797+0000 INFO  [o.n.k.i.DiagnosticsManager]:  [classpath + loader.0] file:/Users/davidnelson/projects/web/character_drive/db/neo4j/development/lib/neo4j-shell-2.1.5.jar
2014-11-19 03:26:20.797+0000 INFO  [o.n.k.i.DiagnosticsManager]:  [classpath + loader.0] file:/Users/davidnelson/projects/web/character_drive/db/neo4j/development/lib/neo4j-cypher-compiler-2.1-2.1.5.jar
2014-11-19 03:26:20.797+0000 INFO  [o.n.k.i.DiagnosticsManager]:  [classpath + loader.0] file:/Users/davidnelson/projects/web/character_drive/db/neo4j/development/lib/scala-library-2.10.4.jar
2014-11-19 03:26:20.797+0000 INFO  [o.n.k.i.DiagnosticsManager]:  [classpath + loader.0] file:/Users/davidnelson/projects/web/character_drive/db/neo4j/development/system/lib/javax.servlet-3.0.0.v201112011016.jar
2014-11-19 03:26:20.797+0000 INFO  [o.n.k.i.DiagnosticsManager]:  [classpath + loader.0] file:/Users/davidnelson/projects/web/character_drive/db/neo4j/development/lib/neo4j-lucene-index-2.1.5.jar
2014-11-19 03:26:20.797+0000 INFO  [o.n.k.i.DiagnosticsManager]:  [classpath + loader.0] file:/Users/davidnelson/projects/web/character_drive/db/neo4j/development/lib/neo4j-jmx-2.1.5.jar
2014-11-19 03:26:20.797+0000 INFO  [o.n.k.i.DiagnosticsManager]:  [classpath + loader.0] file:/Users/davidnelson/projects/web/character_drive/db/neo4j/development/lib/parboiled-scala_2.10-1.1.6.jar
2014-11-19 03:26:20.797+0000 INFO  [o.n.k.i.DiagnosticsManager]:  [classpath + loader.0] file:/Users/davidnelson/projects/web/character_drive/db/neo4j/development/system/lib/commons-logging-1.1.1.jar
2014-11-19 03:26:20.797+0000 INFO  [o.n.k.i.DiagnosticsManager]:  [bootstrap] /Library/Java/JavaVirtualMachines/jdk1.7.0_65.jdk/Contents/Home/jre/lib/jsse.jar
2014-11-19 03:26:20.797+0000 INFO  [o.n.k.i.DiagnosticsManager]:  [bootstrap] /Library/Java/JavaVirtualMachines/jdk1.7.0_65.jdk/Contents/Home/jre/lib/charsets.jar
2014-11-19 03:26:20.797+0000 INFO  [o.n.k.i.DiagnosticsManager]:  [classpath + loader.0] file:/Users/davidnelson/projects/web/character_drive/db/neo4j/development/system/lib/jsr311-api-1.1.2.r612.jar
2014-11-19 03:26:20.797+0000 INFO  [o.n.k.i.DiagnosticsManager]:  [classpath + loader.0] file:/Users/davidnelson/projects/web/character_drive/db/neo4j/development/system/lib/commons-lang-2.4.jar
2014-11-19 03:26:20.797+0000 INFO  [o.n.k.i.DiagnosticsManager]:  [classpath + loader.0] file:/Users/davidnelson/projects/web/character_drive/db/neo4j/development/system/lib/logback-classic-1.1.2.jar
2014-11-19 03:26:20.797+0000 INFO  [o.n.k.i.DiagnosticsManager]:  [classpath + loader.0] file:/Users/davidnelson/projects/web/character_drive/db/neo4j/development/system/lib/janino-2.6.1.jar
2014-11-19 03:26:20.797+0000 INFO  [o.n.k.i.DiagnosticsManager]:  [classpath + loader.0] file:/Users/davidnelson/projects/web/character_drive/db/neo4j/development/lib/org.apache.servicemix.bundles.jline-0.9.94_1.jar
2014-11-19 03:26:20.797+0000 INFO  [o.n.k.i.DiagnosticsManager]:  [classpath + loader.0] file:/Users/davidnelson/projects/web/character_drive/db/neo4j/development/system/lib/jetty-http-9.0.5.v20130815.jar
2014-11-19 03:26:20.797+0000 INFO  [o.n.k.i.DiagnosticsManager]:  [classpath + loader.0] file:/Users/davidnelson/projects/web/character_drive/db/neo4j/development/lib/neo4j-cypher-compiler-1.9-2.0.3.jar
2014-11-19 03:26:20.797+0000 INFO  [o.n.k.i.DiagnosticsManager]:  [classpath + loader.0] file:/Users/davidnelson/projects/web/character_drive/db/neo4j/development/system/lib/jcl-over-slf4j-1.6.1.jar
2014-11-19 03:26:20.797+0000 INFO  [o.n.k.i.DiagnosticsManager]:  [bootstrap] /Library/Java/JavaVirtualMachines/jdk1.7.0_65.jdk/Contents/Home/jre/classes
2014-11-19 03:26:20.798+0000 INFO  [o.n.k.i.DiagnosticsManager]:  [classpath + loader.0] file:/Users/davidnelson/projects/web/character_drive/db/neo4j/development/system/lib/commons-digester-1.8.1.jar
2014-11-19 03:26:20.798+0000 INFO  [o.n.k.i.DiagnosticsManager]:  [classpath + loader.0] file:/Users/davidnelson/projects/web/character_drive/db/neo4j/development/system/lib/jersey-server-1.9.jar
2014-11-19 03:26:20.798+0000 INFO  [o.n.k.i.DiagnosticsManager]:  [classpath + loader.0] file:/Users/davidnelson/projects/web/character_drive/db/neo4j/development/system/lib/neo4j-server-2.1.5.jar
2014-11-19 03:26:20.798+0000 INFO  [o.n.k.i.DiagnosticsManager]:  [classpath + loader.0] file:/Users/davidnelson/projects/web/character_drive/db/neo4j/development/lib/neo4j-graph-algo-2.1.5.jar
2014-11-19 03:26:20.798+0000 INFO  [o.n.k.i.DiagnosticsManager]:  [classpath + loader.0] file:/Users/davidnelson/projects/web/character_drive/db/neo4j/development/conf/
2014-11-19 03:26:20.798+0000 INFO  [o.n.k.i.DiagnosticsManager]:  [classpath + loader.0] file:/Users/davidnelson/projects/web/character_drive/db/neo4j/development/lib/neo4j-kernel-2.1.5.jar
2014-11-19 03:26:20.798+0000 INFO  [o.n.k.i.DiagnosticsManager]:  [classpath + loader.0] file:/Users/davidnelson/projects/web/character_drive/db/neo4j/development/lib/neo4j-graph-matching-2.1.5.jar
2014-11-19 03:26:20.798+0000 INFO  [o.n.k.i.DiagnosticsManager]:  [bootstrap] /Library/Java/JavaVirtualMachines/jdk1.7.0_65.jdk/Contents/Home/jre/lib/resources.jar
2014-11-19 03:26:20.798+0000 INFO  [o.n.k.i.DiagnosticsManager]:  [classpath + loader.0] file:/Users/davidnelson/projects/web/character_drive/db/neo4j/development/system/lib/commons-collections-3.2.1.jar
2014-11-19 03:26:20.798+0000 INFO  [o.n.k.i.DiagnosticsManager]:  [loader.1] file:/Library/Java/JavaVirtualMachines/jdk1.7.0_65.jdk/Contents/Home/jre/lib/ext/localedata.jar
2014-11-19 03:26:20.798+0000 INFO  [o.n.k.i.DiagnosticsManager]:  [classpath + loader.0] file:/Users/davidnelson/projects/web/character_drive/db/neo4j/development/lib/neo4j-cypher-commons-2.1.5.jar
2014-11-19 03:26:20.798+0000 INFO  [o.n.k.i.DiagnosticsManager]:  [classpath + loader.0] file:/Users/davidnelson/projects/web/character_drive/db/neo4j/development/lib/parboiled-core-1.1.6.jar
2014-11-19 03:26:20.798+0000 INFO  [o.n.k.i.DiagnosticsManager]:  [classpath + loader.0] file:/Users/davidnelson/projects/web/character_drive/db/neo4j/development/system/lib/bcprov-jdk16-140.jar
2014-11-19 03:26:20.798+0000 INFO  [o.n.k.i.DiagnosticsManager]:  [loader.1] file:/Library/Java/JavaVirtualMachines/jdk1.7.0_65.jdk/Contents/Home/jre/lib/ext/sunpkcs11.jar
2014-11-19 03:26:20.798+0000 INFO  [o.n.k.i.DiagnosticsManager]:  [classpath + loader.0] file:/Users/davidnelson/projects/web/character_drive/db/neo4j/development/system/lib/jetty-webapp-9.0.5.v20130815.jar
2014-11-19 03:26:20.798+0000 INFO  [o.n.k.i.DiagnosticsManager]:  [loader.1] file:/Library/Java/JavaVirtualMachines/jdk1.7.0_65.jdk/Contents/Home/jre/lib/ext/zipfs.jar
2014-11-19 03:26:20.798+0000 INFO  [o.n.k.i.DiagnosticsManager]:  [loader.1] file:/Library/Java/JavaVirtualMachines/jdk1.7.0_65.jdk/Contents/Home/jre/lib/ext/sunjce_provider.jar
2014-11-19 03:26:20.798+0000 INFO  [o.n.k.i.DiagnosticsManager]:  [classpath + loader.0] file:/Users/davidnelson/projects/web/character_drive/db/neo4j/development/system/lib/rrd4j-2.0.7.jar
2014-11-19 03:26:20.798+0000 INFO  [o.n.k.i.DiagnosticsManager]:  [classpath + loader.0] file:/Users/davidnelson/projects/web/character_drive/db/neo4j/development/system/lib/logback-core-1.1.2.jar
2014-11-19 03:26:20.798+0000 INFO  [o.n.k.i.DiagnosticsManager]:  [classpath + loader.0] file:/Users/davidnelson/projects/web/character_drive/db/neo4j/development/system/lib/logback-access-1.1.2.jar
2014-11-19 03:26:20.798+0000 INFO  [o.n.k.i.DiagnosticsManager]:  [classpath + loader.0] file:/Users/davidnelson/projects/web/character_drive/db/neo4j/development/system/lib/commons-io-1.4.jar
2014-11-19 03:26:20.798+0000 INFO  [o.n.k.i.DiagnosticsManager]:  [classpath + loader.0] file:/Users/davidnelson/projects/web/character_drive/db/neo4j/development/system/lib/jetty-server-9.0.5.v20130815.jar
2014-11-19 03:26:20.798+0000 INFO  [o.n.k.i.DiagnosticsManager]:  [classpath + loader.0] file:/Users/davidnelson/projects/web/character_drive/db/neo4j/development/system/lib/asm-3.1.jar
2014-11-19 03:26:20.798+0000 INFO  [o.n.k.i.DiagnosticsManager]:  [classpath + loader.0] file:/Users/davidnelson/projects/web/character_drive/db/neo4j/development/system/lib/opencsv-2.0.jar
2014-11-19 03:26:20.798+0000 INFO  [o.n.k.i.DiagnosticsManager]:  [classpath + loader.0] file:/Users/davidnelson/projects/web/character_drive/db/neo4j/development/lib/neo4j-udc-2.1.5.jar
2014-11-19 03:26:20.798+0000 INFO  [o.n.k.i.DiagnosticsManager]:  [classpath + loader.0] file:/Users/davidnelson/projects/web/character_drive/db/neo4j/development/lib/neo4j-primitive-collections-2.1.5.jar
2014-11-19 03:26:20.798+0000 INFO  [o.n.k.i.DiagnosticsManager]:  [classpath + loader.0] file:/Users/davidnelson/projects/web/character_drive/db/neo4j/development/system/lib/rhino-1.7R4.jar
2014-11-19 03:26:20.798+0000 INFO  [o.n.k.i.DiagnosticsManager]:  [bootstrap] /Library/Java/JavaVirtualMachines/jdk1.7.0_65.jdk/Contents/Home/jre/lib/sunrsasign.jar
2014-11-19 03:26:20.798+0000 INFO  [o.n.k.i.DiagnosticsManager]:  [classpath + loader.0] file:/Users/davidnelson/projects/web/character_drive/db/neo4j/development/lib/neo4j-cypher-compiler-2.0-2.0.3.jar
2014-11-19 03:26:20.799+0000 INFO  [o.n.k.i.DiagnosticsManager]:  [bootstrap] /Library/Java/JavaVirtualMachines/jdk1.7.0_65.jdk/Contents/Home/jre/lib/jfr.jar
2014-11-19 03:26:20.799+0000 INFO  [o.n.k.i.DiagnosticsManager]:  [classpath + loader.0] file:/Users/davidnelson/projects/web/character_drive/db/neo4j/development/system/lib/jersey-core-1.9.jar
2014-11-19 03:26:20.799+0000 INFO  [o.n.k.i.DiagnosticsManager]:  [classpath + loader.0] file:/Users/davidnelson/projects/web/character_drive/db/neo4j/development/system/lib/jetty-xml-9.0.5.v20130815.jar
2014-11-19 03:26:20.799+0000 INFO  [o.n.k.i.DiagnosticsManager]:  [classpath + loader.0] file:/Users/davidnelson/projects/web/character_drive/db/neo4j/development/system/lib/slf4j-api-1.6.2.jar
2014-11-19 03:26:20.799+0000 INFO  [o.n.k.i.DiagnosticsManager]:  [classpath + loader.0] file:/Users/davidnelson/projects/web/character_drive/db/neo4j/development/lib/lucene-core-3.6.2.jar
2014-11-19 03:26:20.799+0000 INFO  [o.n.k.i.DiagnosticsManager]:  [classpath + loader.0] file:/Users/davidnelson/projects/web/character_drive/db/neo4j/development/system/lib/jetty-security-9.0.5.v20130815.jar
2014-11-19 03:26:20.799+0000 INFO  [o.n.k.i.DiagnosticsManager]:  [classpath + loader.0] file:/Users/davidnelson/projects/web/character_drive/db/neo4j/development/system/lib/neo4j-browser-2.1.5.jar
2014-11-19 03:26:20.799+0000 INFO  [o.n.k.i.DiagnosticsManager]:  [classpath + loader.0] file:/Users/davidnelson/projects/web/character_drive/db/neo4j/development/system/lib/mimepull-1.6.jar
2014-11-19 03:26:20.799+0000 INFO  [o.n.k.i.DiagnosticsManager]:  [classpath + loader.0] file:/Users/davidnelson/projects/web/character_drive/db/neo4j/development/system/lib/jetty-io-9.0.5.v20130815.jar
2014-11-19 03:26:20.799+0000 INFO  [o.n.k.i.DiagnosticsManager]:  [classpath + loader.0] file:/Users/davidnelson/projects/web/character_drive/db/neo4j/development/system/lib/jetty-servlet-9.0.5.v20130815.jar
2014-11-19 03:26:20.799+0000 INFO  [o.n.k.i.DiagnosticsManager]:  [loader.1] file:/Library/Java/JavaVirtualMachines/jdk1.7.0_65.jdk/Contents/Home/jre/lib/ext/dnsns.jar
2014-11-19 03:26:20.799+0000 INFO  [o.n.k.i.DiagnosticsManager]:  [classpath + loader.0] file:/Users/davidnelson/projects/web/character_drive/db/neo4j/development/lib/geronimo-jta_1.1_spec-1.1.1.jar
2014-11-19 03:26:20.799+0000 INFO  [o.n.k.i.DiagnosticsManager]:  [classpath + loader.0] file:/Users/davidnelson/projects/web/character_drive/db/neo4j/development/lib/concurrentlinkedhashmap-lru-1.3.1.jar
2014-11-19 03:26:20.799+0000 INFO  [o.n.k.i.DiagnosticsManager]:  [classpath + loader.0] file:/Users/davidnelson/projects/web/character_drive/db/neo4j/development/system/lib/neo4j-server-2.1.5-static-web.jar
2014-11-19 03:26:20.799+0000 INFO  [o.n.k.i.DiagnosticsManager]:  [classpath + loader.0] file:/Users/davidnelson/projects/web/character_drive/db/neo4j/development/system/lib/commons-configuration-1.6.jar
2014-11-19 03:26:20.799+0000 INFO  [o.n.k.i.DiagnosticsManager]:  [classpath + loader.0] file:/Users/davidnelson/projects/web/character_drive/db/neo4j/development/system/lib/commons-beanutils-core-1.8.0.jar
2014-11-19 03:26:20.799+0000 INFO  [o.n.k.i.DiagnosticsManager]:  [classpath + loader.0] file:/Users/davidnelson/projects/web/character_drive/db/neo4j/development/system/lib/jackson-jaxrs-1.9.7.jar
2014-11-19 03:26:20.799+0000 INFO  [o.n.k.i.DiagnosticsManager]:  [classpath + loader.0] file:/Users/davidnelson/projects/web/character_drive/db/neo4j/development/lib/server-api-2.1.5.jar
2014-11-19 03:26:20.799+0000 INFO  [o.n.k.i.DiagnosticsManager]: Library path:
2014-11-19 03:26:20.799+0000 INFO  [o.n.k.i.DiagnosticsManager]: /Users/davidnelson/Library/Java/Extensions
2014-11-19 03:26:20.799+0000 INFO  [o.n.k.i.DiagnosticsManager]: /Library/Java/Extensions
2014-11-19 03:26:20.800+0000 INFO  [o.n.k.i.DiagnosticsManager]: /Network/Library/Java/Extensions
2014-11-19 03:26:20.800+0000 INFO  [o.n.k.i.DiagnosticsManager]: /System/Library/Java/Extensions
2014-11-19 03:26:20.800+0000 INFO  [o.n.k.i.DiagnosticsManager]: /usr/lib/java
2014-11-19 03:26:20.800+0000 INFO  [o.n.k.i.DiagnosticsManager]: /Users/davidnelson/projects/web/character_drive/db/neo4j/development
2014-11-19 03:26:20.800+0000 INFO  [o.n.k.i.DiagnosticsManager]: System.properties:
2014-11-19 03:26:20.800+0000 INFO  [o.n.k.i.DiagnosticsManager]: sun.boot.library.path = /Library/Java/JavaVirtualMachines/jdk1.7.0_65.jdk/Contents/Home/jre/lib
2014-11-19 03:26:20.800+0000 INFO  [o.n.k.i.DiagnosticsManager]: org.neo4j.server.properties = conf/neo4j-server.properties
2014-11-19 03:26:20.800+0000 INFO  [o.n.k.i.DiagnosticsManager]: gopherProxySet = false
2014-11-19 03:26:20.800+0000 INFO  [o.n.k.i.DiagnosticsManager]: path.separator = :
2014-11-19 03:26:20.800+0000 INFO  [o.n.k.i.DiagnosticsManager]: file.encoding.pkg = sun.io
2014-11-19 03:26:20.800+0000 INFO  [o.n.k.i.DiagnosticsManager]: user.country = US
2014-11-19 03:26:20.800+0000 INFO  [o.n.k.i.DiagnosticsManager]: sun.java.launcher = SUN_STANDARD
2014-11-19 03:26:20.800+0000 INFO  [o.n.k.i.DiagnosticsManager]: sun.os.patch.level = unknown
2014-11-19 03:26:20.800+0000 INFO  [o.n.k.i.DiagnosticsManager]: user.dir = /Users/davidnelson/projects/web/character_drive/db/neo4j/development
2014-11-19 03:26:20.800+0000 INFO  [o.n.k.i.DiagnosticsManager]: log4j.configuration = file:conf/log4j.properties
2014-11-19 03:26:20.800+0000 INFO  [o.n.k.i.DiagnosticsManager]: sun.jnu.encoding = UTF-8
2014-11-19 03:26:20.801+0000 INFO  [o.n.k.i.DiagnosticsManager]: sun.management.compiler = HotSpot 64-Bit Tiered Compilers
2014-11-19 03:26:20.801+0000 INFO  [o.n.k.i.DiagnosticsManager]: http.nonProxyHosts = local|*.local|169.254/16|*.169.254/16
2014-11-19 03:26:20.801+0000 INFO  [o.n.k.i.DiagnosticsManager]: user.home = /Users/davidnelson
2014-11-19 03:26:20.801+0000 INFO  [o.n.k.i.DiagnosticsManager]: user.timezone = America/Denver
2014-11-19 03:26:20.801+0000 INFO  [o.n.k.i.DiagnosticsManager]: file.encoding = UTF-8
2014-11-19 03:26:20.801+0000 INFO  [o.n.k.i.DiagnosticsManager]: user.name = davidnelson
2014-11-19 03:26:20.801+0000 INFO  [o.n.k.i.DiagnosticsManager]: sun.java.command = org.neo4j.server.Bootstrapper
2014-11-19 03:26:20.801+0000 INFO  [o.n.k.i.DiagnosticsManager]: sun.arch.data.model = 64
2014-11-19 03:26:20.801+0000 INFO  [o.n.k.i.DiagnosticsManager]: user.language = en
2014-11-19 03:26:20.801+0000 INFO  [o.n.k.i.DiagnosticsManager]: awt.toolkit = sun.lwawt.macosx.LWCToolkit
2014-11-19 03:26:20.801+0000 INFO  [o.n.k.i.DiagnosticsManager]: file.separator = /
2014-11-19 03:26:20.801+0000 INFO  [o.n.k.i.DiagnosticsManager]: sun.io.unicode.encoding = UnicodeBig
2014-11-19 03:26:20.801+0000 INFO  [o.n.k.i.DiagnosticsManager]: sun.cpu.endian = little
2014-11-19 03:26:20.801+0000 INFO  [o.n.k.i.DiagnosticsManager]: socksNonProxyHosts = local|*.local|169.254/16|*.169.254/16
2014-11-19 03:26:20.801+0000 INFO  [o.n.k.i.DiagnosticsManager]: neo4j.instance = /Users/davidnelson/projects/web/character_drive/db/neo4j/development
2014-11-19 03:26:20.801+0000 INFO  [o.n.k.i.DiagnosticsManager]: ftp.nonProxyHosts = local|*.local|169.254/16|*.169.254/16
2014-11-19 03:26:20.801+0000 INFO  [o.n.k.i.DiagnosticsManager]: neo4j.home = /Users/davidnelson/projects/web/character_drive/db/neo4j/development
2014-11-19 03:26:20.801+0000 INFO  [o.n.k.i.DiagnosticsManager]: sun.cpu.isalist = 
2014-11-19 03:26:20.801+0000 INFO  [o.n.k.i.DiagnosticsManager]: Network information:
2014-11-19 03:26:20.803+0000 INFO  [o.n.k.i.DiagnosticsManager]: Interface awdl0:
2014-11-19 03:26:20.804+0000 INFO  [o.n.k.i.DiagnosticsManager]:     address: fe80:0:0:0:c479:55ff:fe96:c9c3%8
2014-11-19 03:26:20.804+0000 INFO  [o.n.k.i.DiagnosticsManager]: Interface en0:
2014-11-19 03:26:20.804+0000 INFO  [o.n.k.i.DiagnosticsManager]:     address: fe80:0:0:0:7a31:c1ff:febe:92ce%4
2014-11-19 03:26:20.804+0000 INFO  [o.n.k.i.DiagnosticsManager]:     address: 192.168.1.110
2014-11-19 03:26:20.804+0000 INFO  [o.n.k.i.DiagnosticsManager]: Interface lo0:
2014-11-19 03:26:20.804+0000 INFO  [o.n.k.i.DiagnosticsManager]:     address: fe80:0:0:0:0:0:0:1%1
2014-11-19 03:26:20.804+0000 INFO  [o.n.k.i.DiagnosticsManager]:     address: 0:0:0:0:0:0:0:1
2014-11-19 03:26:20.804+0000 INFO  [o.n.k.i.DiagnosticsManager]:     address: 127.0.0.1
2014-11-19 03:26:20.804+0000 INFO  [o.n.k.i.DiagnosticsManager]: --- INITIALIZED diagnostics END ---
2014-11-19 03:26:20.984+0000 INFO  [o.n.k.i.n.s.StoreFactory]: Creating new db @ /Users/davidnelson/projects/web/character_drive/db/neo4j/development/data/graph.db/neostore
2014-11-19 03:26:21.024+0000 INFO  [o.n.k.i.n.s.StoreFactory]: [/Users/davidnelson/projects/web/character_drive/db/neo4j/development/data/graph.db/neostore.relationshiptypestore.db.names] brickCount=0 brickSize=0b mappedMem=0b (storeSize=38b)
2014-11-19 03:26:21.026+0000 INFO  [o.n.k.i.n.s.StoreFactory]: [/Users/davidnelson/projects/web/character_drive/db/neo4j/development/data/graph.db/neostore.relationshiptypestore.db] brickCount=0 brickSize=0b mappedMem=0b (storeSize=0b)
2014-11-19 03:26:21.026+0000 INFO  [o.n.k.i.n.s.StoreFactory]: /Users/davidnelson/projects/web/character_drive/db/neo4j/development/data/graph.db/neostore.relationshiptypestore.db.names hit=0 miss=0 switches=0 ooe=0
2014-11-19 03:26:21.027+0000 INFO  [o.n.k.i.n.s.StoreFactory]: /Users/davidnelson/projects/web/character_drive/db/neo4j/development/data/graph.db/neostore.relationshiptypestore.db hit=0 miss=0 switches=0 ooe=0
2014-11-19 03:26:21.031+0000 INFO  [o.n.k.i.n.s.StoreFactory]: [/Users/davidnelson/projects/web/character_drive/db/neo4j/development/data/graph.db/neostore.labeltokenstore.db.names] brickCount=0 brickSize=0b mappedMem=0b (storeSize=38b)
2014-11-19 03:26:21.031+0000 INFO  [o.n.k.i.n.s.StoreFactory]: [/Users/davidnelson/projects/web/character_drive/db/neo4j/development/data/graph.db/neostore.labeltokenstore.db] brickCount=0 brickSize=0b mappedMem=0b (storeSize=0b)
2014-11-19 03:26:21.032+0000 INFO  [o.n.k.i.n.s.StoreFactory]: /Users/davidnelson/projects/web/character_drive/db/neo4j/development/data/graph.db/neostore.labeltokenstore.db.names hit=0 miss=0 switches=0 ooe=0
2014-11-19 03:26:21.032+0000 INFO  [o.n.k.i.n.s.StoreFactory]: /Users/davidnelson/projects/web/character_drive/db/neo4j/development/data/graph.db/neostore.labeltokenstore.db hit=0 miss=0 switches=0 ooe=0
2014-11-19 03:26:21.038+0000 INFO  [o.n.k.i.n.s.StoreFactory]: [/Users/davidnelson/projects/web/character_drive/db/neo4j/development/data/graph.db/neostore.relationshiptypestore.db.names] brickCount=0 brickSize=0b mappedMem=0b (storeSize=38b)
2014-11-19 03:26:21.038+0000 INFO  [o.n.k.i.n.s.StoreFactory]: [/Users/davidnelson/projects/web/character_drive/db/neo4j/development/data/graph.db/neostore.relationshiptypestore.db] brickCount=0 brickSize=0b mappedMem=0b (storeSize=0b)
2014-11-19 03:26:21.039+0000 INFO  [o.n.k.i.n.s.StoreFactory]: [/Users/davidnelson/projects/web/character_drive/db/neo4j/development/data/graph.db/neostore.labeltokenstore.db.names] brickCount=0 brickSize=0b mappedMem=0b (storeSize=38b)
2014-11-19 03:26:21.039+0000 INFO  [o.n.k.i.n.s.StoreFactory]: [/Users/davidnelson/projects/web/character_drive/db/neo4j/development/data/graph.db/neostore.labeltokenstore.db] brickCount=0 brickSize=0b mappedMem=0b (storeSize=0b)
2014-11-19 03:26:21.039+0000 INFO  [o.n.k.i.n.s.StoreFactory]: [/Users/davidnelson/projects/web/character_drive/db/neo4j/development/data/graph.db/neostore.propertystore.db.strings] brickCount=0 brickSize=1141888b mappedMem=1141899264b (storeSize=128b)
2014-11-19 03:26:21.040+0000 INFO  [o.n.k.i.n.s.StoreFactory]: [/Users/davidnelson/projects/web/character_drive/db/neo4j/development/data/graph.db/neostore.propertystore.db.index.keys] brickCount=0 brickSize=0b mappedMem=0b (storeSize=38b)
2014-11-19 03:26:21.040+0000 INFO  [o.n.k.i.n.s.StoreFactory]: [/Users/davidnelson/projects/web/character_drive/db/neo4j/development/data/graph.db/neostore.propertystore.db.index] brickCount=0 brickSize=0b mappedMem=0b (storeSize=0b)
2014-11-19 03:26:21.041+0000 INFO  [o.n.k.i.n.s.StoreFactory]: [/Users/davidnelson/projects/web/character_drive/db/neo4j/development/data/graph.db/neostore.propertystore.db.arrays] brickCount=0 brickSize=1294976b mappedMem=1294991360b (storeSize=128b)
2014-11-19 03:26:21.043+0000 INFO  [o.n.k.i.n.s.StoreFactory]: [/Users/davidnelson/projects/web/character_drive/db/neo4j/development/data/graph.db/neostore.propertystore.db] brickCount=0 brickSize=13442711b mappedMem=1344274432b (storeSize=0b)
2014-11-19 03:26:21.046+0000 INFO  [o.n.k.i.n.s.StoreFactory]: [/Users/davidnelson/projects/web/character_drive/db/neo4j/development/data/graph.db/neostore.relationshipstore.db] brickCount=0 brickSize=16473102b mappedMem=1647312896b (storeSize=0b)
2014-11-19 03:26:21.047+0000 INFO  [o.n.k.i.n.s.StoreFactory]: [/Users/davidnelson/projects/web/character_drive/db/neo4j/development/data/graph.db/neostore.nodestore.db.labels] brickCount=0 brickSize=0b mappedMem=0b (storeSize=68b)
2014-11-19 03:26:21.050+0000 INFO  [o.n.k.i.n.s.StoreFactory]: [/Users/davidnelson/projects/web/character_drive/db/neo4j/development/data/graph.db/neostore.nodestore.db] brickCount=0 brickSize=3732930b mappedMem=373293056b (storeSize=0b)
2014-11-19 03:26:21.051+0000 INFO  [o.n.k.i.n.s.StoreFactory]: [/Users/davidnelson/projects/web/character_drive/db/neo4j/development/data/graph.db/neostore.schemastore.db] brickCount=0 brickSize=0b mappedMem=0b (storeSize=64b)
2014-11-19 03:26:21.054+0000 INFO  [o.n.k.i.n.s.StoreFactory]: [/Users/davidnelson/projects/web/character_drive/db/neo4j/development/data/graph.db/neostore.relationshipgroupstore.db] brickCount=0 brickSize=0b mappedMem=0b (storeSize=25b)
2014-11-19 03:26:21.055+0000 INFO  [o.n.k.i.n.s.StoreFactory]: [/Users/davidnelson/projects/web/character_drive/db/neo4j/development/data/graph.db/neostore] brickCount=0 brickSize=0b mappedMem=0b (storeSize=0b)
2014-11-19 03:26:21.060+0000 INFO  [o.n.k.i.n.s.StoreFactory]: /Users/davidnelson/projects/web/character_drive/db/neo4j/development/data/graph.db/neostore.relationshiptypestore.db.names hit=0 miss=0 switches=0 ooe=0
2014-11-19 03:26:21.061+0000 INFO  [o.n.k.i.n.s.StoreFactory]: /Users/davidnelson/projects/web/character_drive/db/neo4j/development/data/graph.db/neostore.relationshiptypestore.db hit=0 miss=0 switches=0 ooe=0
2014-11-19 03:26:21.062+0000 INFO  [o.n.k.i.n.s.StoreFactory]: /Users/davidnelson/projects/web/character_drive/db/neo4j/development/data/graph.db/neostore.labeltokenstore.db.names hit=0 miss=0 switches=0 ooe=0
2014-11-19 03:26:21.062+0000 INFO  [o.n.k.i.n.s.StoreFactory]: /Users/davidnelson/projects/web/character_drive/db/neo4j/development/data/graph.db/neostore.labeltokenstore.db hit=0 miss=0 switches=0 ooe=0
2014-11-19 03:26:21.063+0000 INFO  [o.n.k.i.n.s.StoreFactory]: /Users/davidnelson/projects/web/character_drive/db/neo4j/development/data/graph.db/neostore.propertystore.db.strings hit=0 miss=0 switches=0 ooe=0
2014-11-19 03:26:21.065+0000 INFO  [o.n.k.i.n.s.StoreFactory]: /Users/davidnelson/projects/web/character_drive/db/neo4j/development/data/graph.db/neostore.propertystore.db.index.keys hit=0 miss=0 switches=0 ooe=0
2014-11-19 03:26:21.065+0000 INFO  [o.n.k.i.n.s.StoreFactory]: /Users/davidnelson/projects/web/character_drive/db/neo4j/development/data/graph.db/neostore.propertystore.db.index hit=0 miss=0 switches=0 ooe=0
2014-11-19 03:26:21.066+0000 INFO  [o.n.k.i.n.s.StoreFactory]: /Users/davidnelson/projects/web/character_drive/db/neo4j/development/data/graph.db/neostore.propertystore.db.arrays hit=0 miss=0 switches=0 ooe=0
2014-11-19 03:26:21.067+0000 INFO  [o.n.k.i.n.s.StoreFactory]: /Users/davidnelson/projects/web/character_drive/db/neo4j/development/data/graph.db/neostore.propertystore.db hit=0 miss=0 switches=0 ooe=0
2014-11-19 03:26:21.069+0000 INFO  [o.n.k.i.n.s.StoreFactory]: /Users/davidnelson/projects/web/character_drive/db/neo4j/development/data/graph.db/neostore.relationshipstore.db hit=0 miss=0 switches=0 ooe=0
2014-11-19 03:26:21.094+0000 INFO  [o.n.k.i.n.s.StoreFactory]: /Users/davidnelson/projects/web/character_drive/db/neo4j/development/data/graph.db/neostore.nodestore.db.labels hit=0 miss=0 switches=0 ooe=0
2014-11-19 03:26:21.096+0000 INFO  [o.n.k.i.n.s.StoreFactory]: /Users/davidnelson/projects/web/character_drive/db/neo4j/development/data/graph.db/neostore.nodestore.db hit=0 miss=0 switches=0 ooe=0
2014-11-19 03:26:21.098+0000 INFO  [o.n.k.i.n.s.StoreFactory]: /Users/davidnelson/projects/web/character_drive/db/neo4j/development/data/graph.db/neostore.schemastore.db hit=0 miss=0 switches=0 ooe=0
2014-11-19 03:26:21.098+0000 INFO  [o.n.k.i.n.s.StoreFactory]: /Users/davidnelson/projects/web/character_drive/db/neo4j/development/data/graph.db/neostore.relationshipgroupstore.db hit=0 miss=0 switches=0 ooe=0
2014-11-19 03:26:21.100+0000 INFO  [o.n.k.i.n.s.StoreFactory]: /Users/davidnelson/projects/web/character_drive/db/neo4j/development/data/graph.db/neostore hit=0 miss=10 switches=0 ooe=0
2014-11-19 03:26:21.113+0000 INFO  [o.n.k.i.n.s.StoreFactory]: [/Users/davidnelson/projects/web/character_drive/db/neo4j/development/data/graph.db/neostore.relationshiptypestore.db.names] brickCount=0 brickSize=0b mappedMem=0b (storeSize=38b)
2014-11-19 03:26:21.113+0000 INFO  [o.n.k.i.n.s.StoreFactory]: [/Users/davidnelson/projects/web/character_drive/db/neo4j/development/data/graph.db/neostore.relationshiptypestore.db] brickCount=0 brickSize=0b mappedMem=0b (storeSize=0b)
2014-11-19 03:26:21.113+0000 INFO  [o.n.k.i.n.s.StoreFactory]: [/Users/davidnelson/projects/web/character_drive/db/neo4j/development/data/graph.db/neostore.labeltokenstore.db.names] brickCount=0 brickSize=0b mappedMem=0b (storeSize=38b)
2014-11-19 03:26:21.114+0000 INFO  [o.n.k.i.n.s.StoreFactory]: [/Users/davidnelson/projects/web/character_drive/db/neo4j/development/data/graph.db/neostore.labeltokenstore.db] brickCount=0 brickSize=0b mappedMem=0b (storeSize=0b)
2014-11-19 03:26:21.114+0000 INFO  [o.n.k.i.n.s.StoreFactory]: [/Users/davidnelson/projects/web/character_drive/db/neo4j/development/data/graph.db/neostore.propertystore.db.strings] brickCount=0 brickSize=1141888b mappedMem=1141899264b (storeSize=128b)
2014-11-19 03:26:21.114+0000 INFO  [o.n.k.i.n.s.StoreFactory]: [/Users/davidnelson/projects/web/character_drive/db/neo4j/development/data/graph.db/neostore.propertystore.db.index.keys] brickCount=0 brickSize=0b mappedMem=0b (storeSize=38b)
2014-11-19 03:26:21.114+0000 INFO  [o.n.k.i.n.s.StoreFactory]: [/Users/davidnelson/projects/web/character_drive/db/neo4j/development/data/graph.db/neostore.propertystore.db.index] brickCount=0 brickSize=0b mappedMem=0b (storeSize=0b)
2014-11-19 03:26:21.115+0000 INFO  [o.n.k.i.n.s.StoreFactory]: [/Users/davidnelson/projects/web/character_drive/db/neo4j/development/data/graph.db/neostore.propertystore.db.arrays] brickCount=0 brickSize=1294976b mappedMem=1294991360b (storeSize=128b)
2014-11-19 03:26:21.115+0000 INFO  [o.n.k.i.n.s.StoreFactory]: [/Users/davidnelson/projects/web/character_drive/db/neo4j/development/data/graph.db/neostore.propertystore.db] brickCount=0 brickSize=13442711b mappedMem=1344274432b (storeSize=0b)
2014-11-19 03:26:21.115+0000 INFO  [o.n.k.i.n.s.StoreFactory]: [/Users/davidnelson/projects/web/character_drive/db/neo4j/development/data/graph.db/neostore.relationshipstore.db] brickCount=0 brickSize=16473102b mappedMem=1647312896b (storeSize=0b)
2014-11-19 03:26:21.116+0000 INFO  [o.n.k.i.n.s.StoreFactory]: [/Users/davidnelson/projects/web/character_drive/db/neo4j/development/data/graph.db/neostore.nodestore.db.labels] brickCount=0 brickSize=0b mappedMem=0b (storeSize=68b)
2014-11-19 03:26:21.116+0000 INFO  [o.n.k.i.n.s.StoreFactory]: [/Users/davidnelson/projects/web/character_drive/db/neo4j/development/data/graph.db/neostore.nodestore.db] brickCount=0 brickSize=3732930b mappedMem=373293056b (storeSize=0b)
2014-11-19 03:26:21.116+0000 INFO  [o.n.k.i.n.s.StoreFactory]: [/Users/davidnelson/projects/web/character_drive/db/neo4j/development/data/graph.db/neostore.schemastore.db] brickCount=0 brickSize=0b mappedMem=0b (storeSize=64b)
2014-11-19 03:26:21.117+0000 INFO  [o.n.k.i.n.s.StoreFactory]: [/Users/davidnelson/projects/web/character_drive/db/neo4j/development/data/graph.db/neostore.relationshipgroupstore.db] brickCount=0 brickSize=0b mappedMem=0b (storeSize=25b)
2014-11-19 03:26:21.117+0000 INFO  [o.n.k.i.n.s.StoreFactory]: [/Users/davidnelson/projects/web/character_drive/db/neo4j/development/data/graph.db/neostore] brickCount=0 brickSize=0b mappedMem=0b (storeSize=81b)
2014-11-19 03:26:21.209+0000 INFO  [o.n.k.a.i.i.LuceneLabelScanStore]: No lucene scan store index found, this might just be first use. Preparing to rebuild.
2014-11-19 03:26:21.244+0000 INFO  [o.n.k.a.i.i.LuceneLabelScanStore]: No lucene scan store index found, this might just be first use. Preparing to rebuild.
2014-11-19 03:26:21.349+0000 INFO  [o.n.k.i.t.x.XaLogicalLog]: Opened logical log [/Users/davidnelson/projects/web/character_drive/db/neo4j/development/data/graph.db/nioneo_logical.log.1] version=0, lastTxId=1 (clean)
2014-11-19 03:26:21.352+0000 INFO  [o.n.k.a.i.i.LuceneLabelScanStore]: Rebuilding lucene scan store, this may take a while
2014-11-19 03:26:21.353+0000 INFO  [o.n.k.a.i.i.LuceneLabelScanStore]: Lucene scan store rebuilt (roughly -1 nodes)
2014-11-19 03:26:21.356+0000 INFO  [o.n.k.i.t.TxManager]: TM new log: tm_tx_log.1
2014-11-19 03:26:21.363+0000 INFO  [o.n.k.i.t.KernelHealth]: Kernel health set to OK
2014-11-19 03:26:21.527+0000 INFO  [o.n.k.i.t.x.XaLogicalLog]: Opened logical log [/Users/davidnelson/projects/web/character_drive/db/neo4j/development/data/graph.db/index/lucene.log.1] version=0, lastTxId=1 (clean)
2014-11-19 03:26:21.531+0000 INFO  [o.n.k.i.DiagnosticsManager]: --- STARTED diagnostics for KernelDiagnostics:Versions START ---
2014-11-19 03:26:21.531+0000 INFO  [o.n.k.i.DiagnosticsManager]: Graph Database: org.neo4j.kernel.EmbeddedGraphDatabase StoreId{creationTime=1416367580990, randomId=-1773399399124427910, storeVersion=14406081294923270, upgradeTime=1416367580990, upgradeId=-1773399399124427910}
2014-11-19 03:26:21.531+0000 INFO  [o.n.k.i.DiagnosticsManager]: Kernel version: Neo4j - Graph Database Kernel (neo4j-kernel), version: 2.1.5
2014-11-19 03:26:21.531+0000 INFO  [o.n.k.i.DiagnosticsManager]: Neo4j component versions:
2014-11-19 03:26:21.538+0000 INFO  [o.n.k.i.DiagnosticsManager]:   Neo4j - Lucene Index (neo4j-lucene-index), version: 2.1.5; revision: 2.1.5:2.1-maint:529/45c3cc04946c2b0e243e48c8252e40cb85931744
2014-11-19 03:26:21.538+0000 INFO  [o.n.k.i.DiagnosticsManager]:   Neo4j - JMX support (neo4j-jmx), version: 2.1.5; revision: 2.1.5:2.1-maint:529/45c3cc04946c2b0e243e48c8252e40cb85931744
2014-11-19 03:26:21.538+0000 INFO  [o.n.k.i.DiagnosticsManager]:   Neo4j - Graph Matching (neo4j-graph-matching), version: 2.1.5; revision: 2.1.5:2.1-maint:529/45c3cc04946c2b0e243e48c8252e40cb85931744
2014-11-19 03:26:21.538+0000 INFO  [o.n.k.i.DiagnosticsManager]:   Neo4j Server API (server-api), version: 2.1.5; revision: 2.1.5:2.1-maint:529/45c3cc04946c2b0e243e48c8252e40cb85931744
2014-11-19 03:26:21.538+0000 INFO  [o.n.k.i.DiagnosticsManager]:   Neo4j - Graph Database Kernel (neo4j-kernel), version: 2.1.5; revision: 2.1.5:2.1-maint:529/45c3cc04946c2b0e243e48c8252e40cb85931744
2014-11-19 03:26:21.538+0000 INFO  [o.n.k.i.DiagnosticsManager]:   Neo4j - Cypher (neo4j-cypher), version: 2.1.5; revision: 2.1.5:2.1-maint:529/45c3cc04946c2b0e243e48c8252e40cb85931744
2014-11-19 03:26:21.538+0000 INFO  [o.n.k.i.DiagnosticsManager]:   Neo4j Server (neo4j-server), version: 2.1.5; revision: 2.1.5:2.1-maint:529/45c3cc04946c2b0e243e48c8252e40cb85931744
2014-11-19 03:26:21.538+0000 INFO  [o.n.k.i.DiagnosticsManager]:   Neo4j - Graph Algorithms (neo4j-graph-algo), version: 2.1.5; revision: 2.1.5:2.1-maint:529/45c3cc04946c2b0e243e48c8252e40cb85931744
2014-11-19 03:26:21.538+0000 INFO  [o.n.k.i.DiagnosticsManager]:   Neo4j - Cypher Compiler 2.0 (neo4j-cypher-compiler-2.0), version: 2.0.3; revision: 2.0.3:2.0-maint:72/307c563c11b75fdc71cfa6df05daf9b08d6c37dc
2014-11-19 03:26:21.538+0000 INFO  [o.n.k.i.DiagnosticsManager]:   Neo4j - Generic shell (neo4j-shell), version: 2.1.5; revision: 2.1.5:2.1-maint:529/45c3cc04946c2b0e243e48c8252e40cb85931744
2014-11-19 03:26:21.538+0000 INFO  [o.n.k.i.DiagnosticsManager]:   Neo4j - Cypher Compiler 1.9 (neo4j-cypher-compiler-1.9), version: 2.0.3; revision: 2.0.3:2.0-maint:72/307c563c11b75fdc71cfa6df05daf9b08d6c37dc
2014-11-19 03:26:21.538+0000 INFO  [o.n.k.i.DiagnosticsManager]:   neo4j-udc, version: 2.1.5; revision: 2.1.5:2.1-maint:529/45c3cc04946c2b0e243e48c8252e40cb85931744
2014-11-19 03:26:21.539+0000 INFO  [o.n.k.i.DiagnosticsManager]:   Neo4j - Cypher Commons (neo4j-cypher-commons), version: 2.1.5; revision: 2.1.5:2.1-maint:529/45c3cc04946c2b0e243e48c8252e40cb85931744
2014-11-19 03:26:21.539+0000 INFO  [o.n.k.i.DiagnosticsManager]: --- STARTED diagnostics for KernelDiagnostics:Versions END ---
2014-11-19 03:26:21.542+0000 INFO  [o.n.k.i.DiagnosticsManager]: --- STARTED diagnostics for NEO_STORE_VERSIONS START ---
2014-11-19 03:26:21.542+0000 INFO  [o.n.k.i.DiagnosticsManager]: Store versions:
2014-11-19 03:26:21.542+0000 INFO  [o.n.k.i.DiagnosticsManager]: Store versions:
2014-11-19 03:26:21.542+0000 INFO  [o.n.k.i.DiagnosticsManager]:   NeoStore v0.A.3
2014-11-19 03:26:21.542+0000 INFO  [o.n.k.i.DiagnosticsManager]:   SchemaStore v0.A.3
2014-11-19 03:26:21.542+0000 INFO  [o.n.k.i.DiagnosticsManager]:   NodeStore v0.A.3
2014-11-19 03:26:21.542+0000 INFO  [o.n.k.i.DiagnosticsManager]:   RelationshipStore v0.A.3
2014-11-19 03:26:21.543+0000 INFO  [o.n.k.i.DiagnosticsManager]:   RelationshipTypeStore v0.A.3
2014-11-19 03:26:21.543+0000 INFO  [o.n.k.i.DiagnosticsManager]:   LabelTokenStore v0.A.3
2014-11-19 03:26:21.543+0000 INFO  [o.n.k.i.DiagnosticsManager]:   PropertyStore v0.A.3
2014-11-19 03:26:21.543+0000 INFO  [o.n.k.i.DiagnosticsManager]:   PropertyIndexStore v0.A.3
2014-11-19 03:26:21.543+0000 INFO  [o.n.k.i.DiagnosticsManager]:   StringPropertyStore v0.A.3
2014-11-19 03:26:21.543+0000 INFO  [o.n.k.i.DiagnosticsManager]:   ArrayPropertyStore v0.A.3
2014-11-19 03:26:21.543+0000 INFO  [o.n.k.i.DiagnosticsManager]:   RelationshipGroupStore v0.A.3
2014-11-19 03:26:21.543+0000 INFO  [o.n.k.i.DiagnosticsManager]: --- STARTED diagnostics for NEO_STORE_VERSIONS END ---
2014-11-19 03:26:21.543+0000 INFO  [o.n.k.i.DiagnosticsManager]: --- STARTED diagnostics for NEO_STORE_ID_USAGE START ---
2014-11-19 03:26:21.543+0000 INFO  [o.n.k.i.DiagnosticsManager]: Id usage:
2014-11-19 03:26:21.543+0000 INFO  [o.n.k.i.DiagnosticsManager]: Id usage:
2014-11-19 03:26:21.543+0000 INFO  [o.n.k.i.DiagnosticsManager]:   SchemaStore: used=1 high=0
2014-11-19 03:26:21.543+0000 INFO  [o.n.k.i.DiagnosticsManager]:   NodeStore: used=0 high=-1
2014-11-19 03:26:21.543+0000 INFO  [o.n.k.i.DiagnosticsManager]:   RelationshipStore: used=0 high=-1
2014-11-19 03:26:21.543+0000 INFO  [o.n.k.i.DiagnosticsManager]:   RelationshipTypeStore: used=0 high=-1
2014-11-19 03:26:21.543+0000 INFO  [o.n.k.i.DiagnosticsManager]:   LabelTokenStore: used=0 high=-1
2014-11-19 03:26:21.544+0000 INFO  [o.n.k.i.DiagnosticsManager]:   PropertyStore: used=0 high=-1
2014-11-19 03:26:21.544+0000 INFO  [o.n.k.i.DiagnosticsManager]:   PropertyIndexStore: used=0 high=-1
2014-11-19 03:26:21.544+0000 INFO  [o.n.k.i.DiagnosticsManager]:   StringPropertyStore: used=1 high=0
2014-11-19 03:26:21.544+0000 INFO  [o.n.k.i.DiagnosticsManager]:   ArrayPropertyStore: used=1 high=0
2014-11-19 03:26:21.544+0000 INFO  [o.n.k.i.DiagnosticsManager]:   RelationshipGroupStore: used=1 high=0
2014-11-19 03:26:21.544+0000 INFO  [o.n.k.i.DiagnosticsManager]: --- STARTED diagnostics for NEO_STORE_ID_USAGE END ---
2014-11-19 03:26:21.544+0000 INFO  [o.n.k.i.DiagnosticsManager]: --- STARTED diagnostics for PERSISTENCE_WINDOW_POOL_STATS START ---
2014-11-19 03:26:21.544+0000 INFO  [o.n.k.i.DiagnosticsManager]: --- STARTED diagnostics for PERSISTENCE_WINDOW_POOL_STATS END ---
2014-11-19 03:26:21.544+0000 INFO  [o.n.k.i.DiagnosticsManager]: --- STARTED diagnostics for KernelDiagnostics:StoreFiles START ---
2014-11-19 03:26:21.545+0000 INFO  [o.n.k.i.DiagnosticsManager]: Disk space on partition (Total / Free / Free %): 120137449472 / 36893061120 / 30
Storage files: (filename : modification date - size)
2014-11-19 03:26:21.546+0000 INFO  [o.n.k.i.DiagnosticsManager]:   active_tx_log: 2014-11-18T20:26:21-0700 - 11.00 B
2014-11-19 03:26:21.546+0000 INFO  [o.n.k.i.DiagnosticsManager]:   index:
2014-11-19 03:26:21.546+0000 INFO  [o.n.k.i.DiagnosticsManager]:     lucene-store.db: 2014-11-18T20:26:21-0700 - 40.00 B
2014-11-19 03:26:21.546+0000 INFO  [o.n.k.i.DiagnosticsManager]:     lucene.log.1: 2014-11-18T20:26:21-0700 - 16.00 B
2014-11-19 03:26:21.546+0000 INFO  [o.n.k.i.DiagnosticsManager]:     lucene.log.active: 2014-11-18T20:26:21-0700 - 4.00 B
2014-11-19 03:26:21.547+0000 INFO  [o.n.k.i.DiagnosticsManager]:   - Total: 2014-11-18T20:26:21-0700 - 60.00 B
2014-11-19 03:26:21.547+0000 INFO  [o.n.k.i.DiagnosticsManager]:   lock: 2014-11-18T20:26:21-0700 - 0.00 B
2014-11-19 03:26:21.547+0000 INFO  [o.n.k.i.DiagnosticsManager]:   messages.log: 2014-11-18T20:26:21-0700 - 45.50 kB
2014-11-19 03:26:21.547+0000 INFO  [o.n.k.i.DiagnosticsManager]:   neostore: 2014-11-18T20:26:21-0700 - 81.00 B
2014-11-19 03:26:21.547+0000 INFO  [o.n.k.i.DiagnosticsManager]:   neostore.id: 2014-11-18T20:26:21-0700 - 9.00 B
2014-11-19 03:26:21.548+0000 INFO  [o.n.k.i.DiagnosticsManager]:   neostore.labeltokenstore.db: 2014-11-18T20:26:21-0700 - 0.00 B
2014-11-19 03:26:21.548+0000 INFO  [o.n.k.i.DiagnosticsManager]:   neostore.labeltokenstore.db.id: 2014-11-18T20:26:21-0700 - 9.00 B
2014-11-19 03:26:21.548+0000 INFO  [o.n.k.i.DiagnosticsManager]:   neostore.labeltokenstore.db.names: 2014-11-18T20:26:21-0700 - 38.00 B
2014-11-19 03:26:21.548+0000 INFO  [o.n.k.i.DiagnosticsManager]:   neostore.labeltokenstore.db.names.id: 2014-11-18T20:26:21-0700 - 9.00 B
2014-11-19 03:26:21.548+0000 INFO  [o.n.k.i.DiagnosticsManager]:   neostore.nodestore.db: 2014-11-18T20:26:21-0700 - 0.00 B
2014-11-19 03:26:21.549+0000 INFO  [o.n.k.i.DiagnosticsManager]:   neostore.nodestore.db.id: 2014-11-18T20:26:21-0700 - 9.00 B
2014-11-19 03:26:21.549+0000 INFO  [o.n.k.i.DiagnosticsManager]:   neostore.nodestore.db.labels: 2014-11-18T20:26:21-0700 - 68.00 B
2014-11-19 03:26:21.549+0000 INFO  [o.n.k.i.DiagnosticsManager]:   neostore.nodestore.db.labels.id: 2014-11-18T20:26:21-0700 - 9.00 B
2014-11-19 03:26:21.549+0000 INFO  [o.n.k.i.DiagnosticsManager]:   neostore.propertystore.db: 2014-11-18T20:26:21-0700 - 0.00 B
2014-11-19 03:26:21.549+0000 INFO  [o.n.k.i.DiagnosticsManager]:   neostore.propertystore.db.arrays: 2014-11-18T20:26:21-0700 - 128.00 B
2014-11-19 03:26:21.550+0000 INFO  [o.n.k.i.DiagnosticsManager]:   neostore.propertystore.db.arrays.id: 2014-11-18T20:26:21-0700 - 9.00 B
2014-11-19 03:26:21.550+0000 INFO  [o.n.k.i.DiagnosticsManager]:   neostore.propertystore.db.id: 2014-11-18T20:26:21-0700 - 9.00 B
2014-11-19 03:26:21.550+0000 INFO  [o.n.k.i.DiagnosticsManager]:   neostore.propertystore.db.index: 2014-11-18T20:26:21-0700 - 0.00 B
2014-11-19 03:26:21.550+0000 INFO  [o.n.k.i.DiagnosticsManager]:   neostore.propertystore.db.index.id: 2014-11-18T20:26:21-0700 - 9.00 B
2014-11-19 03:26:21.551+0000 INFO  [o.n.k.i.DiagnosticsManager]:   neostore.propertystore.db.index.keys: 2014-11-18T20:26:21-0700 - 38.00 B
2014-11-19 03:26:21.551+0000 INFO  [o.n.k.i.DiagnosticsManager]:   neostore.propertystore.db.index.keys.id: 2014-11-18T20:26:21-0700 - 9.00 B
2014-11-19 03:26:21.551+0000 INFO  [o.n.k.i.DiagnosticsManager]:   neostore.propertystore.db.strings: 2014-11-18T20:26:21-0700 - 128.00 B
2014-11-19 03:26:21.551+0000 INFO  [o.n.k.i.DiagnosticsManager]:   neostore.propertystore.db.strings.id: 2014-11-18T20:26:21-0700 - 9.00 B
2014-11-19 03:26:21.551+0000 INFO  [o.n.k.i.DiagnosticsManager]:   neostore.relationshipgroupstore.db: 2014-11-18T20:26:21-0700 - 25.00 B
2014-11-19 03:26:21.552+0000 INFO  [o.n.k.i.DiagnosticsManager]:   neostore.relationshipgroupstore.db.id: 2014-11-18T20:26:21-0700 - 9.00 B
2014-11-19 03:26:21.552+0000 INFO  [o.n.k.i.DiagnosticsManager]:   neostore.relationshipstore.db: 2014-11-18T20:26:21-0700 - 0.00 B
2014-11-19 03:26:21.552+0000 INFO  [o.n.k.i.DiagnosticsManager]:   neostore.relationshipstore.db.id: 2014-11-18T20:26:21-0700 - 9.00 B
2014-11-19 03:26:21.552+0000 INFO  [o.n.k.i.DiagnosticsManager]:   neostore.relationshiptypestore.db: 2014-11-18T20:26:21-0700 - 0.00 B
2014-11-19 03:26:21.552+0000 INFO  [o.n.k.i.DiagnosticsManager]:   neostore.relationshiptypestore.db.id: 2014-11-18T20:26:21-0700 - 9.00 B
2014-11-19 03:26:21.553+0000 INFO  [o.n.k.i.DiagnosticsManager]:   neostore.relationshiptypestore.db.names: 2014-11-18T20:26:21-0700 - 38.00 B
2014-11-19 03:26:21.553+0000 INFO  [o.n.k.i.DiagnosticsManager]:   neostore.relationshiptypestore.db.names.id: 2014-11-18T20:26:21-0700 - 9.00 B
2014-11-19 03:26:21.553+0000 INFO  [o.n.k.i.DiagnosticsManager]:   neostore.schemastore.db: 2014-11-18T20:26:21-0700 - 64.00 B
2014-11-19 03:26:21.553+0000 INFO  [o.n.k.i.DiagnosticsManager]:   neostore.schemastore.db.id: 2014-11-18T20:26:21-0700 - 9.00 B
2014-11-19 03:26:21.553+0000 INFO  [o.n.k.i.DiagnosticsManager]:   nioneo_logical.log.1: 2014-11-18T20:26:21-0700 - 16.00 B
2014-11-19 03:26:21.554+0000 INFO  [o.n.k.i.DiagnosticsManager]:   nioneo_logical.log.active: 2014-11-18T20:26:21-0700 - 4.00 B
2014-11-19 03:26:21.554+0000 INFO  [o.n.k.i.DiagnosticsManager]:   schema:
2014-11-19 03:26:21.554+0000 INFO  [o.n.k.i.DiagnosticsManager]:     label:
2014-11-19 03:26:21.554+0000 INFO  [o.n.k.i.DiagnosticsManager]:       lucene:
2014-11-19 03:26:21.554+0000 INFO  [o.n.k.i.DiagnosticsManager]:         write.lock: 2014-11-18T20:26:21-0700 - 0.00 B
2014-11-19 03:26:21.554+0000 INFO  [o.n.k.i.DiagnosticsManager]:       - Total: 2014-11-18T20:26:21-0700 - 0.00 B
2014-11-19 03:26:21.554+0000 INFO  [o.n.k.i.DiagnosticsManager]:     - Total: 2014-11-18T20:26:21-0700 - 0.00 B
2014-11-19 03:26:21.555+0000 INFO  [o.n.k.i.DiagnosticsManager]:   - Total: 2014-11-18T20:26:21-0700 - 0.00 B
2014-11-19 03:26:21.555+0000 INFO  [o.n.k.i.DiagnosticsManager]:   store_lock: 2014-11-18T20:26:20-0700 - 0.00 B
2014-11-19 03:26:21.555+0000 INFO  [o.n.k.i.DiagnosticsManager]:   tm_tx_log.1: 2014-11-18T20:26:21-0700 - 0.00 B
2014-11-19 03:26:21.555+0000 INFO  [o.n.k.i.DiagnosticsManager]: --- STARTED diagnostics for KernelDiagnostics:StoreFiles END ---
2014-11-19 03:26:21.605+0000 INFO  [o.n.k.EmbeddedGraphDatabase]: Database is now ready
2014-11-19 03:26:22.219+0000 INFO  [o.n.s.d.LifecycleManagingDatabase]: Successfully started database
2014-11-19 03:26:22.219+0000 INFO  [o.n.k.i.DiagnosticsManager]: --- SERVER STARTED START ---
2014-11-19 03:26:22.298+0000 INFO  [o.n.s.CommunityNeoServer]: Starting HTTP on port :7474 with 40 threads available
2014-11-19 03:26:22.572+0000 INFO  [o.n.s.CommunityNeoServer]: Enabling HTTPS on port :7473
2014-11-19 03:26:22.572+0000 INFO  [o.n.s.CommunityNeoServer]: No SSL certificate found, generating a self-signed certificate..
2014-11-19 03:26:22.864+0000 INFO  [o.n.k.i.DiagnosticsManager]: --- STARTED diagnostics for org.neo4j.server.configuration.Configurator START ---
2014-11-19 03:26:22.866+0000 INFO  [o.n.k.i.DiagnosticsManager]: Server configuration:
2014-11-19 03:26:22.867+0000 INFO  [o.n.k.i.DiagnosticsManager]: org.neo4j.server.database.location = data/graph.db
2014-11-19 03:26:22.867+0000 INFO  [o.n.k.i.DiagnosticsManager]: org.neo4j.server.webserver.port = 7474
2014-11-19 03:26:22.867+0000 INFO  [o.n.k.i.DiagnosticsManager]: org.neo4j.server.webserver.https.enabled = true
2014-11-19 03:26:22.867+0000 INFO  [o.n.k.i.DiagnosticsManager]: org.neo4j.server.webserver.https.port = 7473
2014-11-19 03:26:22.867+0000 INFO  [o.n.k.i.DiagnosticsManager]: org.neo4j.server.webserver.https.cert.location = conf/ssl/snakeoil.cert
2014-11-19 03:26:22.867+0000 INFO  [o.n.k.i.DiagnosticsManager]: org.neo4j.server.webserver.https.key.location = conf/ssl/snakeoil.key
2014-11-19 03:26:22.867+0000 INFO  [o.n.k.i.DiagnosticsManager]: org.neo4j.server.webserver.https.keystore.location = data/keystore
2014-11-19 03:26:22.867+0000 INFO  [o.n.k.i.DiagnosticsManager]: org.neo4j.server.webadmin.rrdb.location = data/rrd
2014-11-19 03:26:22.867+0000 INFO  [o.n.k.i.DiagnosticsManager]: org.neo4j.server.db.tuning.properties = conf/neo4j.properties
2014-11-19 03:26:22.867+0000 INFO  [o.n.k.i.DiagnosticsManager]: org.neo4j.server.manage.console_engines = shell
2014-11-19 03:26:22.867+0000 INFO  [o.n.k.i.DiagnosticsManager]: org.neo4j.server.http.log.enabled = false
2014-11-19 03:26:22.867+0000 INFO  [o.n.k.i.DiagnosticsManager]: org.neo4j.server.http.log.config = conf/neo4j-http-logging.xml
2014-11-19 03:26:22.867+0000 INFO  [o.n.k.i.DiagnosticsManager]: org.neo4j.server.webadmin.management.uri = /db/manage/
2014-11-19 03:26:22.868+0000 INFO  [o.n.k.i.DiagnosticsManager]: org.neo4j.server.webadmin.data.uri = /db/data/
2014-11-19 03:26:22.868+0000 INFO  [o.n.k.i.DiagnosticsManager]: --- STARTED diagnostics for org.neo4j.server.configuration.Configurator END ---
2014-11-19 03:26:22.876+0000 INFO  [o.n.s.m.DiscoveryModule]: Mounted discovery module at [/]
2014-11-19 03:26:22.890+0000 INFO  [o.n.s.m.RESTApiModule]: Mounted REST API at [/db/data/]
2014-11-19 03:26:22.893+0000 INFO  [o.n.s.m.ManagementApiModule]: Mounted management API at [/db/manage/]
2014-11-19 03:26:22.893+0000 INFO  [o.n.s.m.WebAdminModule]: Mounted webadmin at [/webadmin]
2014-11-19 03:26:22.893+0000 INFO  [o.n.s.m.Neo4jBrowserModule]: Mounted Neo4j Browser at [/browser]
2014-11-19 03:26:22.967+0000 INFO  [o.n.s.w.Jetty9WebServer]: Mounting static content at [/webadmin] from [webadmin-html]
2014-11-19 03:26:23.023+0000 INFO  [o.n.s.w.Jetty9WebServer]: Mounting static content at [/browser] from [browser]
2014-11-19 03:26:24.413+0000 INFO  [o.n.s.CommunityNeoServer]: Server started on: http://localhost:7474/
2014-11-19 03:26:24.413+0000 INFO  [o.n.s.CommunityNeoServer]: Remote interface ready and available at [http://localhost:7474/]
2014-11-19 03:26:24.413+0000 INFO  [o.n.k.i.DiagnosticsManager]: --- SERVER STARTED END ---
2014-11-19 04:08:39.883+0000 INFO  [o.n.k.i.a.i.IndexPopulationJob]: Index population started: [:Character(uuid) [provider: {key=lucene, version=1.0}]]
2014-11-19 04:08:39.900+0000 INFO  [o.n.k.i.a.i.IndexPopulationJob]: Index population completed. Index is now online: [:Character(uuid) [provider: {key=lucene, version=1.0}]]
2014-11-19 04:09:50.424+0000 INFO  [o.n.k.i.a.i.IndexPopulationJob]: Index population started: [:Note(uuid) [provider: {key=lucene, version=1.0}]]
2014-11-19 04:09:50.430+0000 INFO  [o.n.k.i.a.i.IndexPopulationJob]: Index population completed. Index is now online: [:Note(uuid) [provider: {key=lucene, version=1.0}]]
2014-11-19 06:40:12.008+0000 WARN  [o.n.k.EmbeddedGraphDatabase]: GC Monitor: Application threads blocked for 3363878ms.
2014-11-19 06:40:15.309+0000 WARN  [o.n.k.EmbeddedGraphDatabase]: GC Monitor: Application threads blocked for 1370ms.
2014-11-19 09:40:17.007+0000 WARN  [o.n.k.EmbeddedGraphDatabase]: GC Monitor: Application threads blocked for 10799354ms.
2014-11-19 15:15:27.736+0000 WARN  [o.n.k.EmbeddedGraphDatabase]: GC Monitor: Application threads blocked for 20075765ms.
2014-11-20 02:17:01.076+0000 WARN  [o.n.k.EmbeddedGraphDatabase]: GC Monitor: Application threads blocked for 7301221ms.
2014-11-20 03:48:38.029+0000 WARN  [o.n.k.EmbeddedGraphDatabase]: GC Monitor: Application threads blocked for 181368ms.
2014-11-20 08:47:22.046+0000 WARN  [o.n.k.EmbeddedGraphDatabase]: GC Monitor: Application threads blocked for 10800087ms.
2014-11-20 15:22:21.597+0000 WARN  [o.n.k.EmbeddedGraphDatabase]: GC Monitor: Application threads blocked for 23664825ms.
2014-11-20 15:22:23.293+0000 WARN  [o.n.k.EmbeddedGraphDatabase]: GC Monitor: Application threads blocked for 202ms.
2014-11-21 01:36:59.080+0000 WARN  [o.n.k.EmbeddedGraphDatabase]: GC Monitor: Application threads blocked for 5694971ms.
2014-11-21 07:44:04.107+0000 WARN  [o.n.k.EmbeddedGraphDatabase]: GC Monitor: Application threads blocked for 10799285ms.
2014-11-21 15:25:54.634+0000 WARN  [o.n.k.EmbeddedGraphDatabase]: GC Monitor: Application threads blocked for 27669051ms.
2014-11-21 15:25:55.563+0000 WARN  [o.n.k.EmbeddedGraphDatabase]: GC Monitor: Application threads blocked for 487ms.
