2014-11-19 03:26:20.531+0000 INFO  [API] Setting startup timeout to: 120000ms based on -1
2014-11-19 03:26:22.219+0000 INFO  [API] Successfully started database
2014-11-19 03:26:22.298+0000 INFO  [API] Starting HTTP on port :7474 with 40 threads available
2014-11-19 03:26:22.572+0000 INFO  [API] Enabling HTTPS on port :7473
2014-11-19 03:26:22.572+0000 INFO  [API] No SSL certificate found, generating a self-signed certificate..
2014-11-19 03:26:22.876+0000 INFO  [API] Mounted discovery module at [/]
2014-11-19 03:26:22.890+0000 INFO  [API] Mounted REST API at [/db/data/]
2014-11-19 03:26:22.893+0000 INFO  [API] Mounted management API at [/db/manage/]
2014-11-19 03:26:22.893+0000 INFO  [API] Mounted webadmin at [/webadmin]
2014-11-19 03:26:22.893+0000 INFO  [API] Mounted Neo4j Browser at [/browser]
2014-11-19 03:26:22.967+0000 INFO  [API] Mounting static content at [/webadmin] from [webadmin-html]
2014-11-19 03:26:23.023+0000 INFO  [API] Mounting static content at [/browser] from [browser]
20:26:23.025 [main] WARN  o.e.j.server.handler.ContextHandler - o.e.j.s.ServletContextHandler@77f52c80{/,null,null} contextPath ends with /
20:26:23.025 [main] WARN  o.e.j.server.handler.ContextHandler - Empty contextPath
20:26:23.028 [main] INFO  org.eclipse.jetty.server.Server - jetty-9.0.5.v20130815
20:26:23.058 [main] INFO  o.e.j.server.handler.ContextHandler - Started o.e.j.s.h.MovedContextHandler@5aac7da2{/,null,AVAILABLE}
20:26:23.141 [main] INFO  o.e.j.w.StandardDescriptorProcessor - NO JSP Support for /webadmin, did not find org.apache.jasper.servlet.JspServlet
20:26:23.155 [main] INFO  o.e.j.server.handler.ContextHandler - Started o.e.j.w.WebAppContext@2eb8ec3a{/webadmin,jar:file:/Users/davidnelson/projects/web/character_drive/db/neo4j/development/system/lib/neo4j-server-2.1.5-static-web.jar!/webadmin-html,AVAILABLE}
20:26:23.667 [main] INFO  o.e.j.server.handler.ContextHandler - Started o.e.j.s.ServletContextHandler@4c262a90{/db/manage,null,AVAILABLE}
20:26:23.916 [main] INFO  o.e.j.server.handler.ContextHandler - Started o.e.j.s.ServletContextHandler@353a2aeb{/db/data,null,AVAILABLE}
20:26:23.934 [main] INFO  o.e.j.w.StandardDescriptorProcessor - NO JSP Support for /browser, did not find org.apache.jasper.servlet.JspServlet
20:26:23.935 [main] INFO  o.e.j.server.handler.ContextHandler - Started o.e.j.w.WebAppContext@5b8e5bb6{/browser,jar:file:/Users/davidnelson/projects/web/character_drive/db/neo4j/development/system/lib/neo4j-browser-2.1.5.jar!/browser,AVAILABLE}
20:26:24.022 [main] INFO  o.e.j.server.handler.ContextHandler - Started o.e.j.s.ServletContextHandler@77f52c80{/,null,AVAILABLE}
20:26:24.044 [main] INFO  o.e.jetty.server.ServerConnector - Started ServerConnector@5d1316be{HTTP/1.1}{localhost:7474}
20:26:24.412 [main] INFO  o.e.jetty.server.ServerConnector - Started ServerConnector@4938cc4f{SSL-HTTP/1.1}{localhost:7473}
2014-11-19 03:26:24.413+0000 INFO  [API] Server started on: http://localhost:7474/
2014-11-19 03:26:24.413+0000 INFO  [API] Remote interface ready and available at [http://localhost:7474/]
